
2024/03/10 (14:06:03) | ===> btop++ v.1.3.2
2024/03/10 (14:06:03) | ERROR: Exception during Config::unlock() : unordered_map::at

2024/03/10 (14:06:08) | ===> btop++ v.1.3.2
2024/03/10 (14:06:08) | ERROR: Exception during Config::unlock() : unordered_map::at

2024/03/10 (14:06:15) | ===> btop++ v.1.3.2
2024/03/10 (14:06:15) | ERROR: Exception during Config::unlock() : unordered_map::at

2024/03/10 (14:06:38) | ===> btop++ v.1.3.2
2024/03/10 (14:06:38) | ERROR: Exception during Config::unlock() : unordered_map::at

2024/03/10 (14:06:43) | ===> btop++ v.1.3.2
2024/03/10 (14:06:43) | ERROR: Exception during Config::unlock() : unordered_map::at

2024/03/10 (14:12:14) | ===> btop++ v.1.3.2
2024/03/10 (14:12:14) | ERROR: Exception during Config::unlock() : unordered_map::at

2024/03/10 (14:13:57) | ===> btop++ v.1.3.2
2024/03/10 (14:13:57) | INFO: Logger set to INFO
2024/03/10 (14:30:42) | INFO: Logger set to INFO
2024/03/10 (14:30:43) | INFO: Logger set to DEBUG
2024/03/10 (14:30:43) | INFO: Logger set to INFO
2024/03/10 (14:31:02) | INFO: Logger set to DEBUG
2024/03/10 (14:31:20) | DEBUG: Writing new config file
2024/03/10 (14:31:20) | INFO: Quitting! Runtime: 00:19:02

2024/03/10 (14:31:21) | ===> btop++ v.1.3.2
2024/03/10 (14:31:21) | INFO: Logger set to DEBUG
2024/03/10 (14:31:21) | DEBUG: Using locale en_US.UTF-8
2024/03/10 (14:31:21) | INFO: Running on /dev/pts/1
2024/03/10 (14:31:21) | INFO: Failed to load libnvidia-ml.so, NVIDIA GPUs will not be detected: libnvidia-ml.so.1: cannot open shared object file: No such file or directory
2024/03/10 (14:31:21) | INFO: Failed to load librocm_smi64.so, AMD GPUs will not be detected: librocm_smi64.so.6: cannot open shared object file: No such file or directory
2024/03/10 (14:31:21) | DEBUG: Shared::init() : Initialized.
2024/03/10 (14:32:36) | INFO: Quitting! Runtime: 00:01:15

2024/03/10 (14:32:38) | ===> btop++ v.1.3.2
2024/03/10 (14:32:38) | INFO: Logger set to DEBUG
2024/03/10 (14:32:38) | DEBUG: Using locale en_US.UTF-8
2024/03/10 (14:32:38) | INFO: Running on /dev/pts/1
2024/03/10 (14:32:38) | INFO: Failed to load libnvidia-ml.so, NVIDIA GPUs will not be detected: libnvidia-ml.so.1: cannot open shared object file: No such file or directory
2024/03/10 (14:32:38) | WARNING: ROCm SMI: Failed to get maximum GPU temperature, defaulting to 110°C
2024/03/10 (14:32:38) | WARNING: ROCm SMI: Failed to get maximum GPU power draw, defaulting to 225W
2024/03/10 (14:32:38) | WARNING: ROCm SMI: Failed to get maximum GPU temperature, defaulting to 110°C
2024/03/10 (14:32:38) | WARNING: ROCm SMI: Failed to get VRAM utilization
2024/03/10 (14:32:38) | WARNING: ROCm SMI: Failed to get GPU power usage
2024/03/10 (14:32:38) | WARNING: ROCm SMI: Failed to get PCIe throughput
2024/03/10 (14:32:38) | DEBUG: Shared::init() : Initialized.

2024/03/10 (14:33:16) | ===> btop++ v.1.3.2
2024/03/10 (14:33:16) | INFO: Logger set to DEBUG
2024/03/10 (14:33:16) | DEBUG: Using locale en_US.UTF-8
2024/03/10 (14:33:16) | INFO: Running on /dev/pts/1
2024/03/10 (14:33:17) | INFO: Failed to load libnvidia-ml.so, NVIDIA GPUs will not be detected: libnvidia-ml.so.1: cannot open shared object file: No such file or directory
2024/03/10 (14:33:17) | WARNING: ROCm SMI: Failed to get maximum GPU temperature, defaulting to 110°C
2024/03/10 (14:33:17) | WARNING: ROCm SMI: Failed to get maximum GPU power draw, defaulting to 225W
2024/03/10 (14:33:17) | WARNING: ROCm SMI: Failed to get maximum GPU temperature, defaulting to 110°C
2024/03/10 (14:33:17) | WARNING: ROCm SMI: Failed to get VRAM utilization
2024/03/10 (14:33:17) | WARNING: ROCm SMI: Failed to get GPU power usage
2024/03/10 (14:33:17) | WARNING: ROCm SMI: Failed to get PCIe throughput
2024/03/10 (14:33:17) | DEBUG: Shared::init() : Initialized.
2024/03/10 (22:21:51) | DEBUG: Writing new config file
2024/03/10 (22:21:51) | ERROR: Exception during Config::unlock() : unordered_map::at
2024/03/10 (22:21:51) | INFO: Quitting! Runtime: 07:48:35

2024/03/10 (22:22:54) | ===> btop++ v.1.3.2
2024/03/10 (22:22:54) | INFO: Logger set to DEBUG
2024/03/10 (22:22:54) | DEBUG: Using locale en_US.UTF-8
2024/03/10 (22:22:54) | INFO: Running on /dev/pts/1
2024/03/10 (22:22:54) | INFO: Failed to load libnvidia-ml.so, NVIDIA GPUs will not be detected: libnvidia-ml.so.1: cannot open shared object file: No such file or directory
2024/03/10 (22:22:54) | WARNING: ROCm SMI: Failed to get maximum GPU temperature, defaulting to 110°C
2024/03/10 (22:22:54) | WARNING: ROCm SMI: Failed to get maximum GPU power draw, defaulting to 225W
2024/03/10 (22:22:54) | WARNING: ROCm SMI: Failed to get maximum GPU temperature, defaulting to 110°C
2024/03/10 (22:22:54) | WARNING: ROCm SMI: Failed to get VRAM utilization
2024/03/10 (22:22:54) | WARNING: ROCm SMI: Failed to get GPU power usage
2024/03/10 (22:22:54) | WARNING: ROCm SMI: Failed to get PCIe throughput
2024/03/10 (22:22:54) | DEBUG: Shared::init() : Initialized.
2024/03/10 (22:23:41) | DEBUG: Loading theme file: /home/karun/.config/btop/themes/gruvbox-dark.theme
2024/03/10 (22:23:41) | DEBUG: Loading theme file: /usr/share/btop/themes/HotPurpleTrafficLight.theme
2024/03/10 (22:23:42) | DEBUG: Loading theme file: /home/karun/.config/btop/themes/gruvbox-dark.theme
2024/03/10 (22:24:35) | DEBUG: Writing new config file
2024/03/10 (22:24:35) | INFO: Quitting! Runtime: 00:01:41

2024/03/10 (22:24:42) | ===> btop++ v.1.3.2
2024/03/10 (22:24:42) | INFO: Logger set to DEBUG
2024/03/10 (22:24:42) | DEBUG: Using locale en_US.UTF-8
2024/03/10 (22:24:42) | INFO: Running on /dev/pts/1
2024/03/10 (22:24:42) | INFO: Failed to load libnvidia-ml.so, NVIDIA GPUs will not be detected: libnvidia-ml.so.1: cannot open shared object file: No such file or directory
2024/03/10 (22:24:42) | WARNING: ROCm SMI: Failed to get maximum GPU temperature, defaulting to 110°C
2024/03/10 (22:24:42) | WARNING: ROCm SMI: Failed to get maximum GPU power draw, defaulting to 225W
2024/03/10 (22:24:42) | WARNING: ROCm SMI: Failed to get maximum GPU temperature, defaulting to 110°C
2024/03/10 (22:24:42) | WARNING: ROCm SMI: Failed to get VRAM utilization
2024/03/10 (22:24:42) | WARNING: ROCm SMI: Failed to get GPU power usage
2024/03/10 (22:24:42) | WARNING: ROCm SMI: Failed to get PCIe throughput
2024/03/10 (22:24:42) | DEBUG: Shared::init() : Initialized.
2024/03/10 (22:26:46) | INFO: Logger set to INFO

2024/03/11 (07:14:16) | ===> btop++ v.1.3.2
2024/03/11 (07:14:16) | WARNING: ROCm SMI: Failed to get maximum GPU temperature, defaulting to 110°C
2024/03/11 (07:14:16) | WARNING: ROCm SMI: Failed to get maximum GPU power draw, defaulting to 225W
2024/03/11 (07:14:16) | WARNING: ROCm SMI: Failed to get maximum GPU temperature, defaulting to 110°C
2024/03/11 (07:14:16) | WARNING: ROCm SMI: Failed to get VRAM utilization
2024/03/11 (07:14:16) | WARNING: ROCm SMI: Failed to get GPU power usage
2024/03/11 (07:14:16) | WARNING: ROCm SMI: Failed to get PCIe throughput

2024/03/11 (07:14:20) | ===> btop++ v.1.3.2
2024/03/11 (07:14:20) | WARNING: ROCm SMI: Failed to get maximum GPU temperature, defaulting to 110°C
2024/03/11 (07:14:20) | WARNING: ROCm SMI: Failed to get maximum GPU power draw, defaulting to 225W
2024/03/11 (07:14:20) | WARNING: ROCm SMI: Failed to get maximum GPU temperature, defaulting to 110°C
2024/03/11 (07:14:20) | WARNING: ROCm SMI: Failed to get VRAM utilization
2024/03/11 (07:14:20) | WARNING: ROCm SMI: Failed to get GPU power usage
2024/03/11 (07:14:20) | WARNING: ROCm SMI: Failed to get PCIe throughput

2024/03/11 (07:25:31) | ===> btop++ v.1.3.2
2024/03/11 (07:25:31) | WARNING: ROCm SMI: Failed to get maximum GPU temperature, defaulting to 110°C
2024/03/11 (07:25:31) | WARNING: ROCm SMI: Failed to get maximum GPU power draw, defaulting to 225W
2024/03/11 (07:25:31) | WARNING: ROCm SMI: Failed to get maximum GPU temperature, defaulting to 110°C
2024/03/11 (07:25:31) | WARNING: ROCm SMI: Failed to get VRAM utilization
2024/03/11 (07:25:31) | WARNING: ROCm SMI: Failed to get GPU power usage
2024/03/11 (07:25:31) | WARNING: ROCm SMI: Failed to get PCIe throughput

2024/03/11 (10:43:45) | ===> btop++ v.1.3.2
2024/03/11 (10:43:45) | WARNING: ROCm SMI: Failed to get maximum GPU temperature, defaulting to 110°C
2024/03/11 (10:43:45) | WARNING: ROCm SMI: Failed to get maximum GPU power draw, defaulting to 225W
2024/03/11 (10:43:45) | WARNING: ROCm SMI: Failed to get maximum GPU temperature, defaulting to 110°C
2024/03/11 (10:43:45) | WARNING: ROCm SMI: Failed to get VRAM utilization
2024/03/11 (10:43:45) | WARNING: ROCm SMI: Failed to get GPU power usage
2024/03/11 (10:43:45) | WARNING: ROCm SMI: Failed to get PCIe throughput

2024/03/11 (10:55:02) | ===> btop++ v.1.3.2
2024/03/11 (10:55:02) | WARNING: ROCm SMI: Failed to get maximum GPU temperature, defaulting to 110°C
2024/03/11 (10:55:02) | WARNING: ROCm SMI: Failed to get maximum GPU power draw, defaulting to 225W
2024/03/11 (10:55:02) | WARNING: ROCm SMI: Failed to get maximum GPU temperature, defaulting to 110°C
2024/03/11 (10:55:02) | WARNING: ROCm SMI: Failed to get VRAM utilization
2024/03/11 (10:55:02) | WARNING: ROCm SMI: Failed to get GPU power usage
2024/03/11 (10:55:02) | WARNING: ROCm SMI: Failed to get PCIe throughput

2024/03/11 (20:06:15) | ===> btop++ v.1.3.2
2024/03/11 (20:06:15) | WARNING: ROCm SMI: Failed to get maximum GPU temperature, defaulting to 110°C
2024/03/11 (20:06:15) | WARNING: ROCm SMI: Failed to get maximum GPU power draw, defaulting to 225W
2024/03/11 (20:06:15) | WARNING: ROCm SMI: Failed to get maximum GPU temperature, defaulting to 110°C
2024/03/11 (20:06:15) | WARNING: ROCm SMI: Failed to get VRAM utilization
2024/03/11 (20:06:15) | WARNING: ROCm SMI: Failed to get GPU power usage
2024/03/11 (20:06:15) | WARNING: ROCm SMI: Failed to get PCIe throughput

2024/03/11 (20:21:23) | ===> btop++ v.1.3.2
2024/03/11 (20:21:23) | WARNING: ROCm SMI: Failed to get maximum GPU temperature, defaulting to 110°C
2024/03/11 (20:21:23) | WARNING: ROCm SMI: Failed to get maximum GPU power draw, defaulting to 225W
2024/03/11 (20:21:23) | WARNING: ROCm SMI: Failed to get maximum GPU temperature, defaulting to 110°C
2024/03/11 (20:21:23) | WARNING: ROCm SMI: Failed to get VRAM utilization
2024/03/11 (20:21:23) | WARNING: ROCm SMI: Failed to get GPU power usage
2024/03/11 (20:21:23) | WARNING: ROCm SMI: Failed to get PCIe throughput

2024/03/12 (21:01:02) | ===> btop++ v.1.3.2
2024/03/12 (21:01:02) | WARNING: ROCm SMI: Failed to get maximum GPU temperature, defaulting to 110°C
2024/03/12 (21:01:02) | WARNING: ROCm SMI: Failed to get maximum GPU power draw, defaulting to 225W
2024/03/12 (21:01:02) | WARNING: ROCm SMI: Failed to get maximum GPU temperature, defaulting to 110°C
2024/03/12 (21:01:02) | WARNING: ROCm SMI: Failed to get VRAM utilization
2024/03/12 (21:01:02) | WARNING: ROCm SMI: Failed to get GPU power usage
2024/03/12 (21:01:02) | WARNING: ROCm SMI: Failed to get PCIe throughput
2024/03/12 (21:01:10) | WARNING: Failed to join _runner thread on exit!
2024/03/12 (21:01:10) | ERROR: No response from Runner thread, quitting!

2024/03/12 (21:30:08) | ===> btop++ v.1.3.2
2024/03/12 (21:30:08) | WARNING: ROCm SMI: Failed to get maximum GPU temperature, defaulting to 110°C
2024/03/12 (21:30:08) | WARNING: ROCm SMI: Failed to get maximum GPU power draw, defaulting to 225W
2024/03/12 (21:30:08) | WARNING: ROCm SMI: Failed to get maximum GPU temperature, defaulting to 110°C
2024/03/12 (21:30:08) | WARNING: ROCm SMI: Failed to get VRAM utilization
2024/03/12 (21:30:08) | WARNING: ROCm SMI: Failed to get GPU power usage
2024/03/12 (21:30:08) | WARNING: ROCm SMI: Failed to get PCIe throughput

2024/03/12 (21:31:11) | ===> btop++ v.1.3.2
2024/03/12 (21:31:11) | WARNING: ROCm SMI: Failed to get maximum GPU temperature, defaulting to 110°C
2024/03/12 (21:31:11) | WARNING: ROCm SMI: Failed to get maximum GPU power draw, defaulting to 225W
2024/03/12 (21:31:11) | WARNING: ROCm SMI: Failed to get maximum GPU temperature, defaulting to 110°C
2024/03/12 (21:31:11) | WARNING: ROCm SMI: Failed to get VRAM utilization
2024/03/12 (21:31:11) | WARNING: ROCm SMI: Failed to get GPU power usage
2024/03/12 (21:31:11) | WARNING: ROCm SMI: Failed to get PCIe throughput

2024/03/12 (21:46:00) | ===> btop++ v.1.3.2
2024/03/12 (21:46:00) | WARNING: ROCm SMI: Failed to get maximum GPU temperature, defaulting to 110°C
2024/03/12 (21:46:00) | WARNING: ROCm SMI: Failed to get maximum GPU power draw, defaulting to 225W
2024/03/12 (21:46:00) | WARNING: ROCm SMI: Failed to get maximum GPU temperature, defaulting to 110°C
2024/03/12 (21:46:00) | WARNING: ROCm SMI: Failed to get VRAM utilization
2024/03/12 (21:46:00) | WARNING: ROCm SMI: Failed to get GPU power usage
2024/03/12 (21:46:00) | WARNING: ROCm SMI: Failed to get PCIe throughput

2024/03/12 (21:46:07) | ===> btop++ v.1.3.2
2024/03/12 (21:46:07) | WARNING: ROCm SMI: Failed to get maximum GPU temperature, defaulting to 110°C
2024/03/12 (21:46:07) | WARNING: ROCm SMI: Failed to get maximum GPU power draw, defaulting to 225W
2024/03/12 (21:46:07) | WARNING: ROCm SMI: Failed to get maximum GPU temperature, defaulting to 110°C
2024/03/12 (21:46:07) | WARNING: ROCm SMI: Failed to get VRAM utilization
2024/03/12 (21:46:07) | WARNING: ROCm SMI: Failed to get GPU power usage
2024/03/12 (21:46:07) | WARNING: ROCm SMI: Failed to get PCIe throughput
2024/03/12 (21:46:13) | ERROR: Stall in Runner thread, restarting!
2024/03/12 (21:46:19) | ERROR: Stall in Runner thread, restarting!
2024/03/12 (21:46:25) | ERROR: Stall in Runner thread, restarting!
2024/03/12 (21:46:31) | ERROR: Stall in Runner thread, restarting!
2024/03/12 (21:46:37) | ERROR: Stall in Runner thread, restarting!
2024/03/12 (21:46:43) | ERROR: Stall in Runner thread, restarting!
2024/03/12 (21:46:49) | ERROR: Stall in Runner thread, restarting!
2024/03/12 (21:46:55) | ERROR: Stall in Runner thread, restarting!
2024/03/12 (21:47:01) | ERROR: Stall in Runner thread, restarting!
2024/03/12 (21:47:07) | ERROR: Stall in Runner thread, restarting!
2024/03/12 (21:47:13) | ERROR: Stall in Runner thread, restarting!
2024/03/12 (21:47:19) | ERROR: Stall in Runner thread, restarting!
2024/03/12 (21:47:25) | ERROR: Stall in Runner thread, restarting!
2024/03/12 (21:47:31) | ERROR: Stall in Runner thread, restarting!
2024/03/12 (21:47:37) | ERROR: Stall in Runner thread, restarting!
2024/03/12 (21:47:43) | ERROR: Stall in Runner thread, restarting!
2024/03/12 (21:47:49) | ERROR: Stall in Runner thread, restarting!
2024/03/12 (21:47:55) | ERROR: Stall in Runner thread, restarting!
2024/03/12 (21:48:01) | ERROR: Stall in Runner thread, restarting!
2024/03/12 (21:48:07) | ERROR: Stall in Runner thread, restarting!
2024/03/12 (21:48:13) | ERROR: Stall in Runner thread, restarting!
2024/03/12 (21:48:19) | ERROR: Stall in Runner thread, restarting!

2024/03/14 (14:05:16) | ===> btop++ v.1.3.2
2024/03/14 (14:05:16) | WARNING: ROCm SMI: Failed to get maximum GPU temperature, defaulting to 110°C
2024/03/14 (14:05:16) | WARNING: ROCm SMI: Failed to get maximum GPU power draw, defaulting to 225W
2024/03/14 (14:05:16) | WARNING: ROCm SMI: Failed to get maximum GPU temperature, defaulting to 110°C
2024/03/14 (14:05:16) | WARNING: ROCm SMI: Failed to get VRAM utilization
2024/03/14 (14:05:16) | WARNING: ROCm SMI: Failed to get GPU power usage
2024/03/14 (14:05:16) | WARNING: ROCm SMI: Failed to get PCIe throughput

2024/03/14 (19:12:41) | ===> btop++ v.1.3.2
2024/03/14 (19:12:41) | WARNING: ROCm SMI: Failed to get maximum GPU temperature, defaulting to 110°C
2024/03/14 (19:12:41) | WARNING: ROCm SMI: Failed to get maximum GPU power draw, defaulting to 225W
2024/03/14 (19:12:41) | WARNING: ROCm SMI: Failed to get maximum GPU temperature, defaulting to 110°C
2024/03/14 (19:12:41) | WARNING: ROCm SMI: Failed to get VRAM utilization
2024/03/14 (19:12:41) | WARNING: ROCm SMI: Failed to get GPU power usage
2024/03/14 (19:12:41) | WARNING: ROCm SMI: Failed to get PCIe throughput

2024/03/16 (23:46:05) | ===> btop++ v.1.3.2
2024/03/16 (23:46:05) | WARNING: ROCm SMI: Failed to get maximum GPU temperature, defaulting to 110°C
2024/03/16 (23:46:05) | WARNING: ROCm SMI: Failed to get maximum GPU power draw, defaulting to 225W
2024/03/16 (23:46:05) | WARNING: ROCm SMI: Failed to get maximum GPU temperature, defaulting to 110°C
2024/03/16 (23:46:05) | WARNING: ROCm SMI: Failed to get VRAM utilization
2024/03/16 (23:46:05) | WARNING: ROCm SMI: Failed to get GPU power usage
2024/03/16 (23:46:05) | WARNING: ROCm SMI: Failed to get PCIe throughput

2024/03/18 (08:37:46) | ===> btop++ v.1.3.2
2024/03/18 (08:37:46) | WARNING: ROCm SMI: Failed to get maximum GPU temperature, defaulting to 110°C
2024/03/18 (08:37:46) | WARNING: ROCm SMI: Failed to get maximum GPU power draw, defaulting to 225W
2024/03/18 (08:37:46) | WARNING: ROCm SMI: Failed to get maximum GPU temperature, defaulting to 110°C
2024/03/18 (08:37:46) | WARNING: ROCm SMI: Failed to get VRAM utilization
2024/03/18 (08:37:46) | WARNING: ROCm SMI: Failed to get GPU power usage
2024/03/18 (08:37:46) | WARNING: ROCm SMI: Failed to get PCIe throughput

2024/03/18 (12:15:40) | ===> btop++ v.1.3.2
2024/03/18 (12:15:40) | WARNING: ROCm SMI: Failed to get maximum GPU temperature, defaulting to 110°C
2024/03/18 (12:15:40) | WARNING: ROCm SMI: Failed to get maximum GPU power draw, defaulting to 225W
2024/03/18 (12:15:40) | WARNING: ROCm SMI: Failed to get maximum GPU temperature, defaulting to 110°C
2024/03/18 (12:15:40) | WARNING: ROCm SMI: Failed to get VRAM utilization
2024/03/18 (12:15:40) | WARNING: ROCm SMI: Failed to get GPU power usage
2024/03/18 (12:15:40) | WARNING: ROCm SMI: Failed to get PCIe throughput

2024/03/18 (13:08:03) | ===> btop++ v.1.3.2
2024/03/18 (13:08:03) | WARNING: ROCm SMI: Failed to get maximum GPU temperature, defaulting to 110°C
2024/03/18 (13:08:03) | WARNING: ROCm SMI: Failed to get maximum GPU power draw, defaulting to 225W
2024/03/18 (13:08:03) | WARNING: ROCm SMI: Failed to get maximum GPU temperature, defaulting to 110°C
2024/03/18 (13:08:03) | WARNING: ROCm SMI: Failed to get VRAM utilization
2024/03/18 (13:08:03) | WARNING: ROCm SMI: Failed to get GPU power usage
2024/03/18 (13:08:03) | WARNING: ROCm SMI: Failed to get PCIe throughput

2024/03/19 (18:51:34) | ===> btop++ v.1.3.2
2024/03/19 (18:51:34) | WARNING: ROCm SMI: Failed to get maximum GPU temperature, defaulting to 110°C
2024/03/19 (18:51:34) | WARNING: ROCm SMI: Failed to get maximum GPU power draw, defaulting to 225W
2024/03/19 (18:51:34) | WARNING: ROCm SMI: Failed to get maximum GPU temperature, defaulting to 110°C
2024/03/19 (18:51:34) | WARNING: ROCm SMI: Failed to get VRAM utilization
2024/03/19 (18:51:34) | WARNING: ROCm SMI: Failed to get GPU power usage
2024/03/19 (18:51:34) | WARNING: ROCm SMI: Failed to get PCIe throughput

2024/03/26 (16:00:35) | ===> btop++ v.1.3.2
2024/03/26 (16:00:35) | ERROR: Exception during Config::unlock() : unordered_map::at

2024/04/02 (14:08:50) | ===> btop++ v.1.3.2
2024/04/02 (14:08:50) | WARNING: ROCm SMI: Failed to get maximum GPU temperature, defaulting to 110°C
2024/04/02 (14:08:50) | WARNING: ROCm SMI: Failed to get maximum GPU power draw, defaulting to 225W
2024/04/02 (14:08:50) | WARNING: ROCm SMI: Failed to get maximum GPU temperature, defaulting to 110°C
2024/04/02 (14:08:50) | WARNING: ROCm SMI: Failed to get VRAM utilization
2024/04/02 (14:08:50) | WARNING: ROCm SMI: Failed to get GPU power usage
2024/04/02 (14:08:50) | WARNING: ROCm SMI: Failed to get PCIe throughput

2024/04/02 (16:38:02) | ===> btop++ v.1.3.2
2024/04/02 (16:38:02) | WARNING: ROCm SMI: Failed to get maximum GPU temperature, defaulting to 110°C
2024/04/02 (16:38:02) | WARNING: ROCm SMI: Failed to get maximum GPU power draw, defaulting to 225W
2024/04/02 (16:38:02) | WARNING: ROCm SMI: Failed to get maximum GPU temperature, defaulting to 110°C
2024/04/02 (16:38:02) | WARNING: ROCm SMI: Failed to get VRAM utilization
2024/04/02 (16:38:02) | WARNING: ROCm SMI: Failed to get GPU power usage
2024/04/02 (16:38:02) | WARNING: ROCm SMI: Failed to get PCIe throughput
2024/04/02 (16:38:04) | ERROR: Exception during Config::unlock() : unordered_map::at

2024/04/02 (16:38:06) | ===> btop++ v.1.3.2
2024/04/02 (16:38:06) | WARNING: ROCm SMI: Failed to get maximum GPU temperature, defaulting to 110°C
2024/04/02 (16:38:06) | WARNING: ROCm SMI: Failed to get maximum GPU power draw, defaulting to 225W
2024/04/02 (16:38:06) | WARNING: ROCm SMI: Failed to get maximum GPU temperature, defaulting to 110°C
2024/04/02 (16:38:06) | WARNING: ROCm SMI: Failed to get VRAM utilization
2024/04/02 (16:38:06) | WARNING: ROCm SMI: Failed to get GPU power usage
2024/04/02 (16:38:06) | WARNING: ROCm SMI: Failed to get PCIe throughput

2024/04/02 (17:08:39) | ===> btop++ v.1.3.2
2024/04/02 (17:08:39) | WARNING: ROCm SMI: Failed to get maximum GPU temperature, defaulting to 110°C
2024/04/02 (17:08:39) | WARNING: ROCm SMI: Failed to get maximum GPU power draw, defaulting to 225W
2024/04/02 (17:08:39) | WARNING: ROCm SMI: Failed to get maximum GPU temperature, defaulting to 110°C
2024/04/02 (17:08:39) | WARNING: ROCm SMI: Failed to get VRAM utilization
2024/04/02 (17:08:39) | WARNING: ROCm SMI: Failed to get GPU power usage
2024/04/02 (17:08:39) | WARNING: ROCm SMI: Failed to get PCIe throughput

2024/04/02 (22:30:17) | ===> btop++ v.1.3.2
2024/04/02 (22:30:17) | WARNING: ROCm SMI: Failed to get maximum GPU temperature, defaulting to 110°C
2024/04/02 (22:30:17) | WARNING: ROCm SMI: Failed to get maximum GPU power draw, defaulting to 225W
2024/04/02 (22:30:17) | WARNING: ROCm SMI: Failed to get maximum GPU temperature, defaulting to 110°C
2024/04/02 (22:30:17) | WARNING: ROCm SMI: Failed to get VRAM utilization
2024/04/02 (22:30:17) | WARNING: ROCm SMI: Failed to get GPU power usage
2024/04/02 (22:30:17) | WARNING: ROCm SMI: Failed to get PCIe throughput

2024/04/03 (11:50:10) | ===> btop++ v.1.3.2
2024/04/03 (11:50:10) | WARNING: ROCm SMI: Failed to get maximum GPU temperature, defaulting to 110°C
2024/04/03 (11:50:10) | WARNING: ROCm SMI: Failed to get maximum GPU power draw, defaulting to 225W
2024/04/03 (11:50:10) | WARNING: ROCm SMI: Failed to get maximum GPU temperature, defaulting to 110°C
2024/04/03 (11:50:10) | WARNING: ROCm SMI: Failed to get VRAM utilization
2024/04/03 (11:50:10) | WARNING: ROCm SMI: Failed to get GPU power usage
2024/04/03 (11:50:10) | WARNING: ROCm SMI: Failed to get PCIe throughput

2024/04/03 (11:57:59) | ===> btop++ v.1.3.2
2024/04/03 (11:57:59) | WARNING: ROCm SMI: Failed to get maximum GPU temperature, defaulting to 110°C
2024/04/03 (11:57:59) | WARNING: ROCm SMI: Failed to get maximum GPU power draw, defaulting to 225W
2024/04/03 (11:57:59) | WARNING: ROCm SMI: Failed to get maximum GPU temperature, defaulting to 110°C
2024/04/03 (11:57:59) | WARNING: ROCm SMI: Failed to get VRAM utilization
2024/04/03 (11:57:59) | WARNING: ROCm SMI: Failed to get GPU power usage
2024/04/03 (11:57:59) | WARNING: ROCm SMI: Failed to get PCIe throughput

2024/04/03 (11:58:51) | ===> btop++ v.1.3.2
2024/04/03 (11:58:51) | WARNING: ROCm SMI: Failed to get maximum GPU temperature, defaulting to 110°C
2024/04/03 (11:58:51) | WARNING: ROCm SMI: Failed to get maximum GPU power draw, defaulting to 225W
2024/04/03 (11:58:51) | WARNING: ROCm SMI: Failed to get maximum GPU temperature, defaulting to 110°C
2024/04/03 (11:58:51) | WARNING: ROCm SMI: Failed to get VRAM utilization
2024/04/03 (11:58:51) | WARNING: ROCm SMI: Failed to get GPU power usage
2024/04/03 (11:58:51) | WARNING: ROCm SMI: Failed to get PCIe throughput

2024/04/03 (12:06:33) | ===> btop++ v.1.3.2
2024/04/03 (12:06:33) | WARNING: ROCm SMI: Failed to get maximum GPU temperature, defaulting to 110°C
2024/04/03 (12:06:33) | WARNING: ROCm SMI: Failed to get maximum GPU power draw, defaulting to 225W
2024/04/03 (12:06:33) | WARNING: ROCm SMI: Failed to get maximum GPU temperature, defaulting to 110°C
2024/04/03 (12:06:33) | WARNING: ROCm SMI: Failed to get VRAM utilization
2024/04/03 (12:06:33) | WARNING: ROCm SMI: Failed to get GPU power usage
2024/04/03 (12:06:33) | WARNING: ROCm SMI: Failed to get PCIe throughput

2024/04/03 (12:06:48) | ===> btop++ v.1.3.2
2024/04/03 (12:06:48) | WARNING: ROCm SMI: Failed to get maximum GPU temperature, defaulting to 110°C
2024/04/03 (12:06:48) | WARNING: ROCm SMI: Failed to get maximum GPU power draw, defaulting to 225W
2024/04/03 (12:06:48) | WARNING: ROCm SMI: Failed to get maximum GPU temperature, defaulting to 110°C
2024/04/03 (12:06:48) | WARNING: ROCm SMI: Failed to get VRAM utilization
2024/04/03 (12:06:48) | WARNING: ROCm SMI: Failed to get GPU power usage
2024/04/03 (12:06:48) | WARNING: ROCm SMI: Failed to get PCIe throughput
2024/04/03 (12:07:46) | ERROR: Exception during Config::unlock() : unordered_map::at

2024/04/03 (19:30:56) | ===> btop++ v.1.3.2
2024/04/03 (19:30:56) | WARNING: ROCm SMI: Failed to get maximum GPU temperature, defaulting to 110°C
2024/04/03 (19:30:56) | WARNING: ROCm SMI: Failed to get maximum GPU power draw, defaulting to 225W
2024/04/03 (19:30:56) | WARNING: ROCm SMI: Failed to get maximum GPU temperature, defaulting to 110°C
2024/04/03 (19:30:56) | WARNING: ROCm SMI: Failed to get VRAM utilization
2024/04/03 (19:30:56) | WARNING: ROCm SMI: Failed to get GPU power usage
2024/04/03 (19:30:56) | WARNING: ROCm SMI: Failed to get PCIe throughput

2024/04/03 (19:32:44) | ===> btop++ v.1.3.2
2024/04/03 (19:32:44) | WARNING: ROCm SMI: Failed to get maximum GPU temperature, defaulting to 110°C
2024/04/03 (19:32:44) | WARNING: ROCm SMI: Failed to get maximum GPU power draw, defaulting to 225W
2024/04/03 (19:32:44) | WARNING: ROCm SMI: Failed to get maximum GPU temperature, defaulting to 110°C
2024/04/03 (19:32:44) | WARNING: ROCm SMI: Failed to get VRAM utilization
2024/04/03 (19:32:44) | WARNING: ROCm SMI: Failed to get GPU power usage
2024/04/03 (19:32:44) | WARNING: ROCm SMI: Failed to get PCIe throughput

2024/04/11 (20:15:07) | ===> btop++ v.1.3.2
2024/04/11 (20:15:07) | WARNING: ROCm SMI: Failed to get device name
2024/04/11 (20:15:07) | WARNING: ROCm SMI: Failed to get maximum GPU power draw, defaulting to 225W
2024/04/11 (20:15:07) | WARNING: ROCm SMI: Failed to get maximum GPU temperature, defaulting to 110°C
2024/04/11 (20:15:07) | WARNING: ROCm SMI: Failed to get VRAM utilization
2024/04/11 (20:15:07) | WARNING: ROCm SMI: Failed to get GPU power usage
2024/04/11 (20:15:07) | WARNING: ROCm SMI: Failed to get PCIe throughput

2024/04/11 (20:27:31) | ===> btop++ v.1.3.2
2024/04/11 (20:27:31) | WARNING: ROCm SMI: Failed to get device name
2024/04/11 (20:27:31) | WARNING: ROCm SMI: Failed to get maximum GPU power draw, defaulting to 225W
2024/04/11 (20:27:31) | WARNING: ROCm SMI: Failed to get maximum GPU temperature, defaulting to 110°C
2024/04/11 (20:27:31) | WARNING: ROCm SMI: Failed to get VRAM utilization
2024/04/11 (20:27:31) | WARNING: ROCm SMI: Failed to get GPU power usage
2024/04/11 (20:27:31) | WARNING: ROCm SMI: Failed to get PCIe throughput

2024/04/11 (23:46:59) | ===> btop++ v.1.3.2
2024/04/11 (23:46:59) | WARNING: ROCm SMI: Failed to get device name
2024/04/11 (23:46:59) | WARNING: ROCm SMI: Failed to get maximum GPU power draw, defaulting to 225W
2024/04/11 (23:46:59) | WARNING: ROCm SMI: Failed to get maximum GPU temperature, defaulting to 110°C
2024/04/11 (23:46:59) | WARNING: ROCm SMI: Failed to get VRAM utilization
2024/04/11 (23:46:59) | WARNING: ROCm SMI: Failed to get GPU power usage
2024/04/11 (23:46:59) | WARNING: ROCm SMI: Failed to get PCIe throughput

2024/04/12 (10:34:15) | ===> btop++ v.1.3.2
2024/04/12 (10:34:15) | WARNING: ROCm SMI: Failed to get device name
2024/04/12 (10:34:15) | WARNING: ROCm SMI: Failed to get maximum GPU power draw, defaulting to 225W
2024/04/12 (10:34:15) | WARNING: ROCm SMI: Failed to get maximum GPU temperature, defaulting to 110°C
2024/04/12 (10:34:15) | WARNING: ROCm SMI: Failed to get VRAM utilization
2024/04/12 (10:34:15) | WARNING: ROCm SMI: Failed to get GPU power usage
2024/04/12 (10:34:15) | WARNING: ROCm SMI: Failed to get PCIe throughput

2024/04/13 (07:02:14) | ===> btop++ v.1.3.2
2024/04/13 (07:02:14) | WARNING: ROCm SMI: Failed to get device name
2024/04/13 (07:02:14) | WARNING: ROCm SMI: Failed to get maximum GPU power draw, defaulting to 225W
2024/04/13 (07:02:14) | WARNING: ROCm SMI: Failed to get maximum GPU temperature, defaulting to 110°C
2024/04/13 (07:02:14) | WARNING: ROCm SMI: Failed to get VRAM utilization
2024/04/13 (07:02:14) | WARNING: ROCm SMI: Failed to get GPU power usage
2024/04/13 (07:02:14) | WARNING: ROCm SMI: Failed to get PCIe throughput

2024/04/13 (10:35:04) | ===> btop++ v.1.3.2
2024/04/13 (10:35:04) | WARNING: ROCm SMI: Failed to get device name
2024/04/13 (10:35:04) | WARNING: ROCm SMI: Failed to get maximum GPU power draw, defaulting to 225W
2024/04/13 (10:35:04) | WARNING: ROCm SMI: Failed to get maximum GPU temperature, defaulting to 110°C
2024/04/13 (10:35:04) | WARNING: ROCm SMI: Failed to get VRAM utilization
2024/04/13 (10:35:04) | WARNING: ROCm SMI: Failed to get GPU power usage
2024/04/13 (10:35:04) | WARNING: ROCm SMI: Failed to get PCIe throughput

2024/04/13 (13:39:12) | ===> btop++ v.1.3.2
2024/04/13 (13:39:12) | WARNING: ROCm SMI: Failed to get device name
2024/04/13 (13:39:12) | WARNING: ROCm SMI: Failed to get maximum GPU power draw, defaulting to 225W
2024/04/13 (13:39:12) | WARNING: ROCm SMI: Failed to get maximum GPU temperature, defaulting to 110°C
2024/04/13 (13:39:12) | WARNING: ROCm SMI: Failed to get VRAM utilization
2024/04/13 (13:39:12) | WARNING: ROCm SMI: Failed to get GPU power usage
2024/04/13 (13:39:12) | WARNING: ROCm SMI: Failed to get PCIe throughput

2024/04/13 (22:02:10) | ===> btop++ v.1.3.2
2024/04/13 (22:02:10) | WARNING: ROCm SMI: Failed to get device name
2024/04/13 (22:02:10) | WARNING: ROCm SMI: Failed to get maximum GPU power draw, defaulting to 225W
2024/04/13 (22:02:10) | WARNING: ROCm SMI: Failed to get maximum GPU temperature, defaulting to 110°C
2024/04/13 (22:02:10) | WARNING: ROCm SMI: Failed to get VRAM utilization
2024/04/13 (22:02:10) | WARNING: ROCm SMI: Failed to get GPU power usage
2024/04/13 (22:02:10) | WARNING: ROCm SMI: Failed to get PCIe throughput

2024/04/13 (22:38:55) | ===> btop++ v.1.3.2
2024/04/13 (22:38:55) | WARNING: ROCm SMI: Failed to get device name
2024/04/13 (22:38:55) | WARNING: ROCm SMI: Failed to get maximum GPU power draw, defaulting to 225W
2024/04/13 (22:38:55) | WARNING: ROCm SMI: Failed to get maximum GPU temperature, defaulting to 110°C
2024/04/13 (22:38:55) | WARNING: ROCm SMI: Failed to get VRAM utilization
2024/04/13 (22:38:55) | WARNING: ROCm SMI: Failed to get GPU power usage
2024/04/13 (22:38:55) | WARNING: ROCm SMI: Failed to get PCIe throughput

2024/04/14 (00:21:39) | ===> btop++ v.1.3.2
2024/04/14 (00:21:39) | WARNING: ROCm SMI: Failed to get device name
2024/04/14 (00:21:39) | WARNING: ROCm SMI: Failed to get maximum GPU power draw, defaulting to 225W
2024/04/14 (00:21:39) | WARNING: ROCm SMI: Failed to get maximum GPU temperature, defaulting to 110°C
2024/04/14 (00:21:39) | WARNING: ROCm SMI: Failed to get VRAM utilization
2024/04/14 (00:21:39) | WARNING: ROCm SMI: Failed to get GPU power usage
2024/04/14 (00:21:39) | WARNING: ROCm SMI: Failed to get PCIe throughput

2024/04/14 (00:23:22) | ===> btop++ v.1.3.2
2024/04/14 (00:23:22) | WARNING: ROCm SMI: Failed to get device name
2024/04/14 (00:23:22) | WARNING: ROCm SMI: Failed to get maximum GPU power draw, defaulting to 225W
2024/04/14 (00:23:22) | WARNING: ROCm SMI: Failed to get maximum GPU temperature, defaulting to 110°C
2024/04/14 (00:23:22) | WARNING: ROCm SMI: Failed to get VRAM utilization
2024/04/14 (00:23:22) | WARNING: ROCm SMI: Failed to get GPU power usage
2024/04/14 (00:23:22) | WARNING: ROCm SMI: Failed to get PCIe throughput

2024/04/14 (01:20:46) | ===> btop++ v.1.3.2
2024/04/14 (01:20:46) | WARNING: ROCm SMI: Failed to get device name
2024/04/14 (01:20:46) | WARNING: ROCm SMI: Failed to get maximum GPU power draw, defaulting to 225W
2024/04/14 (01:20:46) | WARNING: ROCm SMI: Failed to get maximum GPU temperature, defaulting to 110°C
2024/04/14 (01:20:46) | WARNING: ROCm SMI: Failed to get VRAM utilization
2024/04/14 (01:20:46) | WARNING: ROCm SMI: Failed to get GPU power usage
2024/04/14 (01:20:46) | WARNING: ROCm SMI: Failed to get PCIe throughput

2024/04/14 (18:56:42) | ===> btop++ v.1.3.2
2024/04/14 (18:56:42) | WARNING: ROCm SMI: Failed to get device name
2024/04/14 (18:56:42) | WARNING: ROCm SMI: Failed to get maximum GPU power draw, defaulting to 225W
2024/04/14 (18:56:42) | WARNING: ROCm SMI: Failed to get maximum GPU temperature, defaulting to 110°C
2024/04/14 (18:56:42) | WARNING: ROCm SMI: Failed to get VRAM utilization
2024/04/14 (18:56:42) | WARNING: ROCm SMI: Failed to get GPU power usage
2024/04/14 (18:56:42) | WARNING: ROCm SMI: Failed to get PCIe throughput

2024/04/14 (19:07:19) | ===> btop++ v.1.3.2
2024/04/14 (19:07:19) | WARNING: ROCm SMI: Failed to get device name
2024/04/14 (19:07:19) | WARNING: ROCm SMI: Failed to get maximum GPU power draw, defaulting to 225W
2024/04/14 (19:07:19) | WARNING: ROCm SMI: Failed to get maximum GPU temperature, defaulting to 110°C
2024/04/14 (19:07:19) | WARNING: ROCm SMI: Failed to get VRAM utilization
2024/04/14 (19:07:19) | WARNING: ROCm SMI: Failed to get GPU power usage
2024/04/14 (19:07:19) | WARNING: ROCm SMI: Failed to get PCIe throughput

2024/04/14 (20:37:48) | ===> btop++ v.1.3.2
2024/04/14 (20:37:48) | WARNING: ROCm SMI: Failed to get device name
2024/04/14 (20:37:48) | WARNING: ROCm SMI: Failed to get maximum GPU power draw, defaulting to 225W
2024/04/14 (20:37:48) | WARNING: ROCm SMI: Failed to get maximum GPU temperature, defaulting to 110°C
2024/04/14 (20:37:48) | WARNING: ROCm SMI: Failed to get VRAM utilization
2024/04/14 (20:37:48) | WARNING: ROCm SMI: Failed to get GPU power usage
2024/04/14 (20:37:48) | WARNING: ROCm SMI: Failed to get PCIe throughput

2024/04/14 (20:37:56) | ===> btop++ v.1.3.2
2024/04/14 (20:37:56) | WARNING: ROCm SMI: Failed to get device name
2024/04/14 (20:37:56) | WARNING: ROCm SMI: Failed to get maximum GPU power draw, defaulting to 225W
2024/04/14 (20:37:56) | WARNING: ROCm SMI: Failed to get maximum GPU temperature, defaulting to 110°C
2024/04/14 (20:37:56) | WARNING: ROCm SMI: Failed to get VRAM utilization
2024/04/14 (20:37:56) | WARNING: ROCm SMI: Failed to get GPU power usage
2024/04/14 (20:37:56) | WARNING: ROCm SMI: Failed to get PCIe throughput

2024/04/14 (20:43:51) | ===> btop++ v.1.3.2
2024/04/14 (20:43:51) | WARNING: ROCm SMI: Failed to get device name
2024/04/14 (20:43:51) | WARNING: ROCm SMI: Failed to get maximum GPU power draw, defaulting to 225W
2024/04/14 (20:43:51) | WARNING: ROCm SMI: Failed to get maximum GPU temperature, defaulting to 110°C
2024/04/14 (20:43:51) | WARNING: ROCm SMI: Failed to get VRAM utilization
2024/04/14 (20:43:51) | WARNING: ROCm SMI: Failed to get GPU power usage
2024/04/14 (20:43:51) | WARNING: ROCm SMI: Failed to get PCIe throughput

2024/04/14 (21:39:59) | ===> btop++ v.1.3.2
2024/04/14 (21:39:59) | WARNING: ROCm SMI: Failed to get device name
2024/04/14 (21:39:59) | WARNING: ROCm SMI: Failed to get maximum GPU power draw, defaulting to 225W
2024/04/14 (21:39:59) | WARNING: ROCm SMI: Failed to get maximum GPU temperature, defaulting to 110°C
2024/04/14 (21:39:59) | WARNING: ROCm SMI: Failed to get VRAM utilization
2024/04/14 (21:39:59) | WARNING: ROCm SMI: Failed to get GPU power usage
2024/04/14 (21:39:59) | WARNING: ROCm SMI: Failed to get PCIe throughput
